INFO 2025-01-18 17:39:53,097 middleware 2025-01-18 17:39:53.096094 - User: AnonymousUser - Path: /api/conversations
INFO 2025-01-18 17:39:53,137 middleware 2025-01-18 17:39:53.137320 - User: AnonymousUser - Path: /api/conversations/
INFO 2025-01-18 17:40:04,200 middleware 2025-01-18 17:40:04.200818 - User: AnonymousUser - Path: /api/messages/
INFO 2025-01-18 19:18:15,144 middleware 2025-01-18 19:18:15.141359 - User: AnonymousUser - Path: /api/messages/
INFO 2025-01-18 19:18:58,216 middleware 2025-01-18 19:18:58.216677 - User: omole - Path: /api/token/
INFO 2025-01-18 19:19:10,680 middleware 2025-01-18 19:19:10.680555 - User: omole - Path: /api/token/
INFO 2025-01-18 19:19:58,309 middleware 2025-01-18 19:19:58.309099 - User: AnonymousUser - Path: /api/messages/
INFO 2025-01-18 19:22:07,155 middleware 2025-01-18 19:22:07.155103 - User: AnonymousUser - Path: /api/messages/
INFO 2025-01-18 19:26:28,417 middleware 2025-01-18 19:26:28.417740 - User: AnonymousUser - Path: /api/messages/
INFO 2025-01-18 19:29:15,672 middleware 2025-01-18 19:29:15.672593 - User: omole - Path: /api-auth/login/
INFO 2025-01-18 19:29:31,029 middleware 2025-01-18 19:29:31.029511 - User: omole - Path: /api-auth/login/
INFO 2025-01-18 19:29:31,622 middleware 2025-01-18 19:29:31.622490 - User: omole - Path: /api/token/
INFO 2025-01-18 19:29:51,952 middleware 2025-01-18 19:29:51.952771 - User: omole - Path: /admin/login/
INFO 2025-01-18 19:29:51,977 middleware 2025-01-18 19:29:51.977786 - User: omole - Path: /admin/
INFO 2025-01-18 19:30:00,611 middleware 2025-01-18 19:30:00.611415 - User: omole - Path: /admin/auth/group/1/change/
INFO 2025-01-18 19:30:00,771 middleware 2025-01-18 19:30:00.771069 - User: omole - Path: /admin/jsi18n/
INFO 2025-01-18 19:30:13,197 middleware 2025-01-18 19:30:13.197949 - User: omole - Path: /admin/
INFO 2025-01-18 19:35:24,146 middleware 2025-01-18 19:35:24.146037 - User: omole - Path: /admin/
INFO 2025-01-18 19:40:34,185 middleware 2025-01-18 19:40:34.185667 - User: omole - Path: /admin/
INFO 2025-01-18 19:40:37,842 middleware 2025-01-18 19:40:37.842851 - User: omole - Path: /admin/chats/user/add/
INFO 2025-01-18 19:40:38,003 middleware 2025-01-18 19:40:38.003425 - User: omole - Path: /admin/jsi18n/
INFO 2025-01-18 19:41:09,517 middleware 2025-01-18 19:41:09.517781 - User: omole - Path: /admin/chats/user/add/
INFO 2025-01-18 19:41:09,605 middleware 2025-01-18 19:41:09.605619 - User: omole - Path: /admin/jsi18n/
INFO 2025-01-18 19:41:32,547 middleware 2025-01-18 19:41:32.547076 - User: omole - Path: /admin/chats/user/add/
INFO 2025-01-18 19:41:33,511 middleware 2025-01-18 19:41:33.511686 - User: omole - Path: /admin/chats/user/def763bf-5d16-4b64-8823-f8940d573d19/change/
INFO 2025-01-18 19:41:33,755 middleware 2025-01-18 19:41:33.755328 - User: omole - Path: /admin/jsi18n/
INFO 2025-01-18 19:42:38,659 middleware 2025-01-18 19:42:38.659255 - User: omole - Path: /admin/chats/user/def763bf-5d16-4b64-8823-f8940d573d19/change/
INFO 2025-01-18 19:42:38,805 middleware 2025-01-18 19:42:38.805823 - User: omole - Path: /admin/jsi18n/
INFO 2025-01-18 19:43:08,606 middleware 2025-01-18 19:43:08.606775 - User: omole - Path: /admin/chats/user/def763bf-5d16-4b64-8823-f8940d573d19/change/
INFO 2025-01-18 19:43:08,738 middleware 2025-01-18 19:43:08.738147 - User: omole - Path: /admin/jsi18n/
INFO 2025-01-18 19:43:27,180 middleware 2025-01-18 19:43:27.180898 - User: omole - Path: /admin/chats/user/def763bf-5d16-4b64-8823-f8940d573d19/change/
INFO 2025-01-18 19:43:27,279 middleware 2025-01-18 19:43:27.279579 - User: omole - Path: /admin/chats/user/
INFO 2025-01-18 19:43:27,586 middleware 2025-01-18 19:43:27.586487 - User: omole - Path: /admin/jsi18n/
INFO 2025-01-18 19:44:05,564 middleware 2025-01-18 19:44:05.564651 - User: omole - Path: /admin/chats/user/438b8538-f722-4b35-b7db-b345a9c438d1/change/
INFO 2025-01-18 19:44:05,682 middleware 2025-01-18 19:44:05.682305 - User: omole - Path: /admin/jsi18n/
INFO 2025-01-18 19:47:44,005 middleware 2025-01-18 19:47:44.005529 - User: AnonymousUser - Path: /api/messages/
INFO 2025-01-18 19:47:46,713 middleware 2025-01-18 19:47:46.713917 - User: AnonymousUser - Path: /api/messages/
INFO 2025-01-18 19:56:40,614 middleware 2025-01-18 19:56:40.614699 - User: omole - Path: /get-user-id/
INFO 2025-01-18 19:56:56,258 middleware 2025-01-18 19:56:56.258052 - User: omole - Path: /api/get-user-id/
INFO 2025-01-18 19:57:18,190 middleware 2025-01-18 19:57:18.190207 - User: omole - Path: /api/get_user_ids/
INFO 2025-01-18 19:57:58,165 middleware 2025-01-18 19:57:58.165915 - User: AnonymousUser - Path: /api/messages/
INFO 2025-01-18 19:59:15,548 middleware 2025-01-18 19:59:15.548111 - User: AnonymousUser - Path: /api/messages/
INFO 2025-01-18 19:59:34,828 middleware 2025-01-18 19:59:34.828567 - User: AnonymousUser - Path: /api/messages/
INFO 2025-01-18 19:59:36,324 middleware 2025-01-18 19:59:36.324045 - User: AnonymousUser - Path: /api/messages/
INFO 2025-01-18 19:59:37,635 middleware 2025-01-18 19:59:37.635148 - User: AnonymousUser - Path: /api/messages/
INFO 2025-01-18 19:59:39,041 middleware 2025-01-18 19:59:39.041396 - User: AnonymousUser - Path: /api/messages/
INFO 2025-01-18 19:59:40,304 middleware 2025-01-18 19:59:40.304079 - User: AnonymousUser - Path: /api/messages/
INFO 2025-01-18 19:59:41,603 middleware 2025-01-18 19:59:41.603966 - User: AnonymousUser - Path: /api/messages/
INFO 2025-01-18 19:59:42,835 middleware 2025-01-18 19:59:42.835583 - User: AnonymousUser - Path: /api/messages/
INFO 2025-01-18 19:59:44,055 middleware 2025-01-18 19:59:44.055543 - User: AnonymousUser - Path: /api/messages/
INFO 2025-01-18 19:59:45,299 middleware 2025-01-18 19:59:45.299483 - User: AnonymousUser - Path: /api/messages/
INFO 2025-01-18 19:59:46,629 middleware 2025-01-18 19:59:46.629310 - User: AnonymousUser - Path: /api/messages/
INFO 2025-01-18 19:59:47,936 middleware 2025-01-18 19:59:47.936578 - User: AnonymousUser - Path: /api/messages/
INFO 2025-01-18 20:03:10,824 middleware 2025-01-18 20:03:10.824862 - User: AnonymousUser - Path: /api/messages/
INFO 2025-01-18 20:03:12,535 middleware 2025-01-18 20:03:12.535079 - User: AnonymousUser - Path: /api/messages/
INFO 2025-01-18 20:03:13,778 middleware 2025-01-18 20:03:13.778549 - User: AnonymousUser - Path: /api/messages/
INFO 2025-01-18 20:03:15,008 middleware 2025-01-18 20:03:15.008053 - User: AnonymousUser - Path: /api/messages/
INFO 2025-01-18 20:03:16,227 middleware 2025-01-18 20:03:16.227495 - User: AnonymousUser - Path: /api/messages/
INFO 2025-01-18 20:03:17,406 middleware 2025-01-18 20:03:17.406299 - User: AnonymousUser - Path: /api/messages/
